Added Component: Designator=J?(HOLE,M3,3mm,PLATED)
Add component (AddParameter): Name = "CreatedBy"; Value = "Judd Foster"; VariantName = "[No Variations]"
Add component (AddParameter): Name = "HelpURL"; Value = "N/A"; VariantName = "[No Variations]"
Add component (AddParameter): Name = "Manufacturer"; Value = "N/A"; VariantName = "[No Variations]"
Add component (AddParameter): Name = "Manufacturer Part Number"; Value = "N/A"; VariantName = "[No Variations]"
Add component (AddParameter): Name = "Vendor"; Value = "N/A"; VariantName = "[No Variations]"
Add component (AddParameter): Name = "Vendor Part Number"; Value = "N/A"; VariantName = "[No Variations]"
Added Component: Designator=J?(HOLE,M3,3mm,PLATED)
Add component (AddParameter): Name = "CreatedBy"; Value = "Judd Foster"; VariantName = "[No Variations]"
Add component (AddParameter): Name = "HelpURL"; Value = "N/A"; VariantName = "[No Variations]"
Add component (AddParameter): Name = "Manufacturer"; Value = "N/A"; VariantName = "[No Variations]"
Add component (AddParameter): Name = "Manufacturer Part Number"; Value = "N/A"; VariantName = "[No Variations]"
Add component (AddParameter): Name = "Vendor"; Value = "N/A"; VariantName = "[No Variations]"
Add component (AddParameter): Name = "Vendor Part Number"; Value = "N/A"; VariantName = "[No Variations]"
Added Component: Designator=J?(HOLE,M3,3mm,PLATED)
Add component (AddParameter): Name = "CreatedBy"; Value = "Judd Foster"; VariantName = "[No Variations]"
Add component (AddParameter): Name = "HelpURL"; Value = "N/A"; VariantName = "[No Variations]"
Add component (AddParameter): Name = "Manufacturer"; Value = "N/A"; VariantName = "[No Variations]"
Add component (AddParameter): Name = "Manufacturer Part Number"; Value = "N/A"; VariantName = "[No Variations]"
Add component (AddParameter): Name = "Vendor"; Value = "N/A"; VariantName = "[No Variations]"
Add component (AddParameter): Name = "Vendor Part Number"; Value = "N/A"; VariantName = "[No Variations]"
Added Pin To Net: NetName=GND Pin=J?-0
Added Pin To Net: NetName=GND Pin=J?-0
Added Pin To Net: NetName=GND Pin=J?-0
Added Net: Name=GND
Added Class: Name=Sheet1
