Added Component: Designator=D?(LED,RGB,SMD,5050)
Add component (AddParameter): Name = "CreatedBy"; Value = "Judd Foster"; VariantName = "[No Variations]"
Add component (AddParameter): Name = "HelpURL"; Value = "https://datasheet.lcsc.com/szlcsc/1912111437_MEIHUA-MHP5050RGBDT_C409780.pdf"; VariantName = "[No Variations]"
Add component (AddParameter): Name = "Manufacturer"; Value = "MEIHUA"; VariantName = "[No Variations]"
Add component (AddParameter): Name = "Manufacturer Part Number"; Value = "MHP5050RGBDT"; VariantName = "[No Variations]"
Add component (AddParameter): Name = "Vendor"; Value = "LCSC"; VariantName = "[No Variations]"
Add component (AddParameter): Name = "Vendor Part Number"; Value = "C409780"; VariantName = "[No Variations]"
Added Component: Designator=D?(LED,RGB,SMD,5050)
Add component (AddParameter): Name = "CreatedBy"; Value = "Judd Foster"; VariantName = "[No Variations]"
Add component (AddParameter): Name = "HelpURL"; Value = "https://datasheet.lcsc.com/szlcsc/1912111437_MEIHUA-MHP5050RGBDT_C409780.pdf"; VariantName = "[No Variations]"
Add component (AddParameter): Name = "Manufacturer"; Value = "MEIHUA"; VariantName = "[No Variations]"
Add component (AddParameter): Name = "Manufacturer Part Number"; Value = "MHP5050RGBDT"; VariantName = "[No Variations]"
Add component (AddParameter): Name = "Vendor"; Value = "LCSC"; VariantName = "[No Variations]"
Add component (AddParameter): Name = "Vendor Part Number"; Value = "C409780"; VariantName = "[No Variations]"
Added Component: Designator=D?(LED,RGB,SMD,5050)
Add component (AddParameter): Name = "CreatedBy"; Value = "Judd Foster"; VariantName = "[No Variations]"
Add component (AddParameter): Name = "HelpURL"; Value = "https://datasheet.lcsc.com/szlcsc/1912111437_MEIHUA-MHP5050RGBDT_C409780.pdf"; VariantName = "[No Variations]"
Add component (AddParameter): Name = "Manufacturer"; Value = "MEIHUA"; VariantName = "[No Variations]"
Add component (AddParameter): Name = "Manufacturer Part Number"; Value = "MHP5050RGBDT"; VariantName = "[No Variations]"
Add component (AddParameter): Name = "Vendor"; Value = "LCSC"; VariantName = "[No Variations]"
Add component (AddParameter): Name = "Vendor Part Number"; Value = "C409780"; VariantName = "[No Variations]"
Added Component: Designator=D?(LED,RGB,SMD,5050)
Add component (AddParameter): Name = "CreatedBy"; Value = "Judd Foster"; VariantName = "[No Variations]"
Add component (AddParameter): Name = "HelpURL"; Value = "https://datasheet.lcsc.com/szlcsc/1912111437_MEIHUA-MHP5050RGBDT_C409780.pdf"; VariantName = "[No Variations]"
Add component (AddParameter): Name = "Manufacturer"; Value = "MEIHUA"; VariantName = "[No Variations]"
Add component (AddParameter): Name = "Manufacturer Part Number"; Value = "MHP5050RGBDT"; VariantName = "[No Variations]"
Add component (AddParameter): Name = "Vendor"; Value = "LCSC"; VariantName = "[No Variations]"
Add component (AddParameter): Name = "Vendor Part Number"; Value = "C409780"; VariantName = "[No Variations]"
Added Component: Designator=D?(LED,RGB,SMD,5050)
Add component (AddParameter): Name = "CreatedBy"; Value = "Judd Foster"; VariantName = "[No Variations]"
Add component (AddParameter): Name = "HelpURL"; Value = "https://datasheet.lcsc.com/szlcsc/1912111437_MEIHUA-MHP5050RGBDT_C409780.pdf"; VariantName = "[No Variations]"
Add component (AddParameter): Name = "Manufacturer"; Value = "MEIHUA"; VariantName = "[No Variations]"
Add component (AddParameter): Name = "Manufacturer Part Number"; Value = "MHP5050RGBDT"; VariantName = "[No Variations]"
Add component (AddParameter): Name = "Vendor"; Value = "LCSC"; VariantName = "[No Variations]"
Add component (AddParameter): Name = "Vendor Part Number"; Value = "C409780"; VariantName = "[No Variations]"
Added Component: Designator=D?(LED,RGB,SMD,5050)
Add component (AddParameter): Name = "CreatedBy"; Value = "Judd Foster"; VariantName = "[No Variations]"
Add component (AddParameter): Name = "HelpURL"; Value = "https://datasheet.lcsc.com/szlcsc/1912111437_MEIHUA-MHP5050RGBDT_C409780.pdf"; VariantName = "[No Variations]"
Add component (AddParameter): Name = "Manufacturer"; Value = "MEIHUA"; VariantName = "[No Variations]"
Add component (AddParameter): Name = "Manufacturer Part Number"; Value = "MHP5050RGBDT"; VariantName = "[No Variations]"
Add component (AddParameter): Name = "Vendor"; Value = "LCSC"; VariantName = "[No Variations]"
Add component (AddParameter): Name = "Vendor Part Number"; Value = "C409780"; VariantName = "[No Variations]"
Added Component: Designator=D?(LED,RGB,SMD,5050)
Add component (AddParameter): Name = "CreatedBy"; Value = "Judd Foster"; VariantName = "[No Variations]"
Add component (AddParameter): Name = "HelpURL"; Value = "https://datasheet.lcsc.com/szlcsc/1912111437_MEIHUA-MHP5050RGBDT_C409780.pdf"; VariantName = "[No Variations]"
Add component (AddParameter): Name = "Manufacturer"; Value = "MEIHUA"; VariantName = "[No Variations]"
Add component (AddParameter): Name = "Manufacturer Part Number"; Value = "MHP5050RGBDT"; VariantName = "[No Variations]"
Add component (AddParameter): Name = "Vendor"; Value = "LCSC"; VariantName = "[No Variations]"
Add component (AddParameter): Name = "Vendor Part Number"; Value = "C409780"; VariantName = "[No Variations]"
Added Component: Designator=D?(LED,RGB,SMD,5050)
Add component (AddParameter): Name = "CreatedBy"; Value = "Judd Foster"; VariantName = "[No Variations]"
Add component (AddParameter): Name = "HelpURL"; Value = "https://datasheet.lcsc.com/szlcsc/1912111437_MEIHUA-MHP5050RGBDT_C409780.pdf"; VariantName = "[No Variations]"
Add component (AddParameter): Name = "Manufacturer"; Value = "MEIHUA"; VariantName = "[No Variations]"
Add component (AddParameter): Name = "Manufacturer Part Number"; Value = "MHP5050RGBDT"; VariantName = "[No Variations]"
Add component (AddParameter): Name = "Vendor"; Value = "LCSC"; VariantName = "[No Variations]"
Add component (AddParameter): Name = "Vendor Part Number"; Value = "C409780"; VariantName = "[No Variations]"
Added Component: Designator=D?(LED,RGB,SMD,5050)
Add component (AddParameter): Name = "CreatedBy"; Value = "Judd Foster"; VariantName = "[No Variations]"
Add component (AddParameter): Name = "HelpURL"; Value = "https://datasheet.lcsc.com/szlcsc/1912111437_MEIHUA-MHP5050RGBDT_C409780.pdf"; VariantName = "[No Variations]"
Add component (AddParameter): Name = "Manufacturer"; Value = "MEIHUA"; VariantName = "[No Variations]"
Add component (AddParameter): Name = "Manufacturer Part Number"; Value = "MHP5050RGBDT"; VariantName = "[No Variations]"
Add component (AddParameter): Name = "Vendor"; Value = "LCSC"; VariantName = "[No Variations]"
Add component (AddParameter): Name = "Vendor Part Number"; Value = "C409780"; VariantName = "[No Variations]"
Added Component: Designator=D?(LED,RGB,SMD,5050)
Add component (AddParameter): Name = "CreatedBy"; Value = "Judd Foster"; VariantName = "[No Variations]"
Add component (AddParameter): Name = "HelpURL"; Value = "https://datasheet.lcsc.com/szlcsc/1912111437_MEIHUA-MHP5050RGBDT_C409780.pdf"; VariantName = "[No Variations]"
Add component (AddParameter): Name = "Manufacturer"; Value = "MEIHUA"; VariantName = "[No Variations]"
Add component (AddParameter): Name = "Manufacturer Part Number"; Value = "MHP5050RGBDT"; VariantName = "[No Variations]"
Add component (AddParameter): Name = "Vendor"; Value = "LCSC"; VariantName = "[No Variations]"
Add component (AddParameter): Name = "Vendor Part Number"; Value = "C409780"; VariantName = "[No Variations]"
Added Component: Designator=D?(LED,RGB,SMD,5050)
Add component (AddParameter): Name = "CreatedBy"; Value = "Judd Foster"; VariantName = "[No Variations]"
Add component (AddParameter): Name = "HelpURL"; Value = "https://datasheet.lcsc.com/szlcsc/1912111437_MEIHUA-MHP5050RGBDT_C409780.pdf"; VariantName = "[No Variations]"
Add component (AddParameter): Name = "Manufacturer"; Value = "MEIHUA"; VariantName = "[No Variations]"
Add component (AddParameter): Name = "Manufacturer Part Number"; Value = "MHP5050RGBDT"; VariantName = "[No Variations]"
Add component (AddParameter): Name = "Vendor"; Value = "LCSC"; VariantName = "[No Variations]"
Add component (AddParameter): Name = "Vendor Part Number"; Value = "C409780"; VariantName = "[No Variations]"
Added Component: Designator=D?(LED,RGB,SMD,5050)
Add component (AddParameter): Name = "CreatedBy"; Value = "Judd Foster"; VariantName = "[No Variations]"
Add component (AddParameter): Name = "HelpURL"; Value = "https://datasheet.lcsc.com/szlcsc/1912111437_MEIHUA-MHP5050RGBDT_C409780.pdf"; VariantName = "[No Variations]"
Add component (AddParameter): Name = "Manufacturer"; Value = "MEIHUA"; VariantName = "[No Variations]"
Add component (AddParameter): Name = "Manufacturer Part Number"; Value = "MHP5050RGBDT"; VariantName = "[No Variations]"
Add component (AddParameter): Name = "Vendor"; Value = "LCSC"; VariantName = "[No Variations]"
Add component (AddParameter): Name = "Vendor Part Number"; Value = "C409780"; VariantName = "[No Variations]"
Added Component: Designator=D?(LED,RGB,SMD,5050)
Add component (AddParameter): Name = "CreatedBy"; Value = "Judd Foster"; VariantName = "[No Variations]"
Add component (AddParameter): Name = "HelpURL"; Value = "https://datasheet.lcsc.com/szlcsc/1912111437_MEIHUA-MHP5050RGBDT_C409780.pdf"; VariantName = "[No Variations]"
Add component (AddParameter): Name = "Manufacturer"; Value = "MEIHUA"; VariantName = "[No Variations]"
Add component (AddParameter): Name = "Manufacturer Part Number"; Value = "MHP5050RGBDT"; VariantName = "[No Variations]"
Add component (AddParameter): Name = "Vendor"; Value = "LCSC"; VariantName = "[No Variations]"
Add component (AddParameter): Name = "Vendor Part Number"; Value = "C409780"; VariantName = "[No Variations]"
Added Component: Designator=D?(LED,RGB,SMD,5050)
Add component (AddParameter): Name = "CreatedBy"; Value = "Judd Foster"; VariantName = "[No Variations]"
Add component (AddParameter): Name = "HelpURL"; Value = "https://datasheet.lcsc.com/szlcsc/1912111437_MEIHUA-MHP5050RGBDT_C409780.pdf"; VariantName = "[No Variations]"
Add component (AddParameter): Name = "Manufacturer"; Value = "MEIHUA"; VariantName = "[No Variations]"
Add component (AddParameter): Name = "Manufacturer Part Number"; Value = "MHP5050RGBDT"; VariantName = "[No Variations]"
Add component (AddParameter): Name = "Vendor"; Value = "LCSC"; VariantName = "[No Variations]"
Add component (AddParameter): Name = "Vendor Part Number"; Value = "C409780"; VariantName = "[No Variations]"
Added Component: Designator=D?(LED,RGB,SMD,5050)
Add component (AddParameter): Name = "CreatedBy"; Value = "Judd Foster"; VariantName = "[No Variations]"
Add component (AddParameter): Name = "HelpURL"; Value = "https://datasheet.lcsc.com/szlcsc/1912111437_MEIHUA-MHP5050RGBDT_C409780.pdf"; VariantName = "[No Variations]"
Add component (AddParameter): Name = "Manufacturer"; Value = "MEIHUA"; VariantName = "[No Variations]"
Add component (AddParameter): Name = "Manufacturer Part Number"; Value = "MHP5050RGBDT"; VariantName = "[No Variations]"
Add component (AddParameter): Name = "Vendor"; Value = "LCSC"; VariantName = "[No Variations]"
Add component (AddParameter): Name = "Vendor Part Number"; Value = "C409780"; VariantName = "[No Variations]"
Added Component: Designator=D?(LED,RGB,SMD,5050)
Add component (AddParameter): Name = "CreatedBy"; Value = "Judd Foster"; VariantName = "[No Variations]"
Add component (AddParameter): Name = "HelpURL"; Value = "https://datasheet.lcsc.com/szlcsc/1912111437_MEIHUA-MHP5050RGBDT_C409780.pdf"; VariantName = "[No Variations]"
Add component (AddParameter): Name = "Manufacturer"; Value = "MEIHUA"; VariantName = "[No Variations]"
Add component (AddParameter): Name = "Manufacturer Part Number"; Value = "MHP5050RGBDT"; VariantName = "[No Variations]"
Add component (AddParameter): Name = "Vendor"; Value = "LCSC"; VariantName = "[No Variations]"
Add component (AddParameter): Name = "Vendor Part Number"; Value = "C409780"; VariantName = "[No Variations]"
Added Component: Designator=D?(LED,RGB,SMD,5050)
Add component (AddParameter): Name = "CreatedBy"; Value = "Judd Foster"; VariantName = "[No Variations]"
Add component (AddParameter): Name = "HelpURL"; Value = "https://datasheet.lcsc.com/szlcsc/1912111437_MEIHUA-MHP5050RGBDT_C409780.pdf"; VariantName = "[No Variations]"
Add component (AddParameter): Name = "Manufacturer"; Value = "MEIHUA"; VariantName = "[No Variations]"
Add component (AddParameter): Name = "Manufacturer Part Number"; Value = "MHP5050RGBDT"; VariantName = "[No Variations]"
Add component (AddParameter): Name = "Vendor"; Value = "LCSC"; VariantName = "[No Variations]"
Add component (AddParameter): Name = "Vendor Part Number"; Value = "C409780"; VariantName = "[No Variations]"
Added Component: Designator=D?(LED,RGB,SMD,5050)
Add component (AddParameter): Name = "CreatedBy"; Value = "Judd Foster"; VariantName = "[No Variations]"
Add component (AddParameter): Name = "HelpURL"; Value = "https://datasheet.lcsc.com/szlcsc/1912111437_MEIHUA-MHP5050RGBDT_C409780.pdf"; VariantName = "[No Variations]"
Add component (AddParameter): Name = "Manufacturer"; Value = "MEIHUA"; VariantName = "[No Variations]"
Add component (AddParameter): Name = "Manufacturer Part Number"; Value = "MHP5050RGBDT"; VariantName = "[No Variations]"
Add component (AddParameter): Name = "Vendor"; Value = "LCSC"; VariantName = "[No Variations]"
Add component (AddParameter): Name = "Vendor Part Number"; Value = "C409780"; VariantName = "[No Variations]"
Added Component: Designator=D?(LED,RGB,SMD,5050)
Add component (AddParameter): Name = "CreatedBy"; Value = "Judd Foster"; VariantName = "[No Variations]"
Add component (AddParameter): Name = "HelpURL"; Value = "https://datasheet.lcsc.com/szlcsc/1912111437_MEIHUA-MHP5050RGBDT_C409780.pdf"; VariantName = "[No Variations]"
Add component (AddParameter): Name = "Manufacturer"; Value = "MEIHUA"; VariantName = "[No Variations]"
Add component (AddParameter): Name = "Manufacturer Part Number"; Value = "MHP5050RGBDT"; VariantName = "[No Variations]"
Add component (AddParameter): Name = "Vendor"; Value = "LCSC"; VariantName = "[No Variations]"
Add component (AddParameter): Name = "Vendor Part Number"; Value = "C409780"; VariantName = "[No Variations]"
Added Component: Designator=D?(LED,RGB,SMD,5050)
Add component (AddParameter): Name = "CreatedBy"; Value = "Judd Foster"; VariantName = "[No Variations]"
Add component (AddParameter): Name = "HelpURL"; Value = "https://datasheet.lcsc.com/szlcsc/1912111437_MEIHUA-MHP5050RGBDT_C409780.pdf"; VariantName = "[No Variations]"
Add component (AddParameter): Name = "Manufacturer"; Value = "MEIHUA"; VariantName = "[No Variations]"
Add component (AddParameter): Name = "Manufacturer Part Number"; Value = "MHP5050RGBDT"; VariantName = "[No Variations]"
Add component (AddParameter): Name = "Vendor"; Value = "LCSC"; VariantName = "[No Variations]"
Add component (AddParameter): Name = "Vendor Part Number"; Value = "C409780"; VariantName = "[No Variations]"
Added Component: Designator=D?(LED,RGB,SMD,5050)
Add component (AddParameter): Name = "CreatedBy"; Value = "Judd Foster"; VariantName = "[No Variations]"
Add component (AddParameter): Name = "HelpURL"; Value = "https://datasheet.lcsc.com/szlcsc/1912111437_MEIHUA-MHP5050RGBDT_C409780.pdf"; VariantName = "[No Variations]"
Add component (AddParameter): Name = "Manufacturer"; Value = "MEIHUA"; VariantName = "[No Variations]"
Add component (AddParameter): Name = "Manufacturer Part Number"; Value = "MHP5050RGBDT"; VariantName = "[No Variations]"
Add component (AddParameter): Name = "Vendor"; Value = "LCSC"; VariantName = "[No Variations]"
Add component (AddParameter): Name = "Vendor Part Number"; Value = "C409780"; VariantName = "[No Variations]"
Added Member To Class: ClassName=Sheet1 Member=Component D? MHP5050RGBDT
Added Member To Class: ClassName=Sheet1 Member=Component D? MHP5050RGBDT
Added Member To Class: ClassName=Sheet1 Member=Component D? MHP5050RGBDT
Added Member To Class: ClassName=Sheet1 Member=Component D? MHP5050RGBDT
Added Member To Class: ClassName=Sheet1 Member=Component D? MHP5050RGBDT
Added Member To Class: ClassName=Sheet1 Member=Component D? MHP5050RGBDT
Added Member To Class: ClassName=Sheet1 Member=Component D? MHP5050RGBDT
Added Member To Class: ClassName=Sheet1 Member=Component D? MHP5050RGBDT
Added Member To Class: ClassName=Sheet1 Member=Component D? MHP5050RGBDT
Added Member To Class: ClassName=Sheet1 Member=Component D? MHP5050RGBDT
Added Member To Class: ClassName=Sheet1 Member=Component D? MHP5050RGBDT
Added Member To Class: ClassName=Sheet1 Member=Component D? MHP5050RGBDT
Added Member To Class: ClassName=Sheet1 Member=Component D? MHP5050RGBDT
Added Member To Class: ClassName=Sheet1 Member=Component D? MHP5050RGBDT
Added Member To Class: ClassName=Sheet1 Member=Component D? MHP5050RGBDT
Added Member To Class: ClassName=Sheet1 Member=Component D? MHP5050RGBDT
Added Member To Class: ClassName=Sheet1 Member=Component D? MHP5050RGBDT
Added Member To Class: ClassName=Sheet1 Member=Component D? MHP5050RGBDT
Added Member To Class: ClassName=Sheet1 Member=Component D? MHP5050RGBDT
Added Member To Class: ClassName=Sheet1 Member=Component D? MHP5050RGBDT
Added Member To Class: ClassName=Sheet1 Member=Component D? MHP5050RGBDT
Added Member To Class: ClassName=Sheet1 Member=Component J? Plated M3 hole
Added Member To Class: ClassName=Sheet1 Member=Component J? Plated M3 hole
