Added Component: Designator=C1(Cap,Alum,Thru,D10,H17.5)
Add component (AddParameter): Name = "CreatedBy"; Value = "Judd Foster"; VariantName = "[No Variations]"
Add component (AddParameter): Name = "HelpURL"; Value = "https://www.rubycon.co.jp/wp-content/uploads/catalog-aluminum/YXG.pdf"; VariantName = "[No Variations]"
Add component (AddParameter): Name = "Manufacturer"; Value = "Rubycon"; VariantName = "[No Variations]"
Add component (AddParameter): Name = "Manufacturer Part Number"; Value = "50YXG220MEFCT810X16"; VariantName = "[No Variations]"
Add component (AddParameter): Name = "Vendor"; Value = "Digikey"; VariantName = "[No Variations]"
Add component (AddParameter): Name = "Vendor Part Number"; Value = "1189-3771-1-ND"; VariantName = "[No Variations]"
Added Component: Designator=C2(Cap,Alum,Thru,D10,H17.5)
Add component (AddParameter): Name = "CreatedBy"; Value = "Judd Foster"; VariantName = "[No Variations]"
Add component (AddParameter): Name = "HelpURL"; Value = "https://www.rubycon.co.jp/wp-content/uploads/catalog-aluminum/YXG.pdf"; VariantName = "[No Variations]"
Add component (AddParameter): Name = "Manufacturer"; Value = "Rubycon"; VariantName = "[No Variations]"
Add component (AddParameter): Name = "Manufacturer Part Number"; Value = "50YXG220MEFCT810X16"; VariantName = "[No Variations]"
Add component (AddParameter): Name = "Vendor"; Value = "Digikey"; VariantName = "[No Variations]"
Add component (AddParameter): Name = "Vendor Part Number"; Value = "1189-3771-1-ND"; VariantName = "[No Variations]"
Added Pin To Net: NetName=PS.+28V Pin=C1-1
Added Pin To Net: NetName=PS.COM Pin=C1-2
Added Pin To Net: NetName=PS.+28V Pin=C2-1
Added Pin To Net: NetName=PS.COM Pin=C2-2
Added Member To Class: ClassName=NS7 Regulator Member=Component C1 220uF
Added Member To Class: ClassName=NS7 Regulator Member=Component C2 220uF
