Added Component: Designator=C15(Cap,Alum,Thru,D10,H17.5)
Add component (AddParameter): Name = "CreatedBy"; Value = "Judd Foster"; VariantName = "[No Variations]"
Add component (AddParameter): Name = "HelpURL"; Value = "https://www.rubycon.co.jp/wp-content/uploads/catalog-aluminum/YXG.pdf"; VariantName = "[No Variations]"
Add component (AddParameter): Name = "Manufacturer"; Value = "Rubycon"; VariantName = "[No Variations]"
Add component (AddParameter): Name = "Manufacturer Part Number"; Value = "50YXG220MEFCT810X16"; VariantName = "[No Variations]"
Add component (AddParameter): Name = "Vendor"; Value = "Digikey"; VariantName = "[No Variations]"
Add component (AddParameter): Name = "Vendor Part Number"; Value = "1189-3771-1-ND"; VariantName = "[No Variations]"
Added Component: Designator=C16(Cap,Alum,Thru,D10,H17.5)
Add component (AddParameter): Name = "CreatedBy"; Value = "Judd Foster"; VariantName = "[No Variations]"
Add component (AddParameter): Name = "HelpURL"; Value = "https://www.rubycon.co.jp/wp-content/uploads/catalog-aluminum/YXG.pdf"; VariantName = "[No Variations]"
Add component (AddParameter): Name = "Manufacturer"; Value = "Rubycon"; VariantName = "[No Variations]"
Add component (AddParameter): Name = "Manufacturer Part Number"; Value = "50YXG220MEFCT810X16"; VariantName = "[No Variations]"
Add component (AddParameter): Name = "Vendor"; Value = "Digikey"; VariantName = "[No Variations]"
Add component (AddParameter): Name = "Vendor Part Number"; Value = "1189-3771-1-ND"; VariantName = "[No Variations]"
Added Component: Designator=C17(Cap,Alum,Thru,D10,H17.5)
Add component (AddParameter): Name = "CreatedBy"; Value = "Judd Foster"; VariantName = "[No Variations]"
Add component (AddParameter): Name = "HelpURL"; Value = "https://www.rubycon.co.jp/wp-content/uploads/catalog-aluminum/YXG.pdf"; VariantName = "[No Variations]"
Add component (AddParameter): Name = "Manufacturer"; Value = "Rubycon"; VariantName = "[No Variations]"
Add component (AddParameter): Name = "Manufacturer Part Number"; Value = "50YXG220MEFCT810X16"; VariantName = "[No Variations]"
Add component (AddParameter): Name = "Vendor"; Value = "Digikey"; VariantName = "[No Variations]"
Add component (AddParameter): Name = "Vendor Part Number"; Value = "1189-3771-1-ND"; VariantName = "[No Variations]"
Added Component: Designator=C18(Cap,Alum,Thru,D10,H17.5)
Add component (AddParameter): Name = "CreatedBy"; Value = "Judd Foster"; VariantName = "[No Variations]"
Add component (AddParameter): Name = "HelpURL"; Value = "https://www.rubycon.co.jp/wp-content/uploads/catalog-aluminum/YXG.pdf"; VariantName = "[No Variations]"
Add component (AddParameter): Name = "Manufacturer"; Value = "Rubycon"; VariantName = "[No Variations]"
Add component (AddParameter): Name = "Manufacturer Part Number"; Value = "50YXG220MEFCT810X16"; VariantName = "[No Variations]"
Add component (AddParameter): Name = "Vendor"; Value = "Digikey"; VariantName = "[No Variations]"
Add component (AddParameter): Name = "Vendor Part Number"; Value = "1189-3771-1-ND"; VariantName = "[No Variations]"
Added Component: Designator=C19(Cap,Alum,Thru,D10,H17.5)
Add component (AddParameter): Name = "CreatedBy"; Value = "Judd Foster"; VariantName = "[No Variations]"
Add component (AddParameter): Name = "HelpURL"; Value = "https://www.rubycon.co.jp/wp-content/uploads/catalog-aluminum/YXG.pdf"; VariantName = "[No Variations]"
Add component (AddParameter): Name = "Manufacturer"; Value = "Rubycon"; VariantName = "[No Variations]"
Add component (AddParameter): Name = "Manufacturer Part Number"; Value = "50YXG220MEFCT810X16"; VariantName = "[No Variations]"
Add component (AddParameter): Name = "Vendor"; Value = "Digikey"; VariantName = "[No Variations]"
Add component (AddParameter): Name = "Vendor Part Number"; Value = "1189-3771-1-ND"; VariantName = "[No Variations]"
Added Component: Designator=C20(Cap,Alum,Thru,D10,H17.5)
Add component (AddParameter): Name = "CreatedBy"; Value = "Judd Foster"; VariantName = "[No Variations]"
Add component (AddParameter): Name = "HelpURL"; Value = "https://www.rubycon.co.jp/wp-content/uploads/catalog-aluminum/YXG.pdf"; VariantName = "[No Variations]"
Add component (AddParameter): Name = "Manufacturer"; Value = "Rubycon"; VariantName = "[No Variations]"
Add component (AddParameter): Name = "Manufacturer Part Number"; Value = "50YXG220MEFCT810X16"; VariantName = "[No Variations]"
Add component (AddParameter): Name = "Vendor"; Value = "Digikey"; VariantName = "[No Variations]"
Add component (AddParameter): Name = "Vendor Part Number"; Value = "1189-3771-1-ND"; VariantName = "[No Variations]"
Added Component: Designator=C21(Cap,Alum,Thru,D10,H17.5)
Add component (AddParameter): Name = "CreatedBy"; Value = "Judd Foster"; VariantName = "[No Variations]"
Add component (AddParameter): Name = "HelpURL"; Value = "https://www.rubycon.co.jp/wp-content/uploads/catalog-aluminum/YXG.pdf"; VariantName = "[No Variations]"
Add component (AddParameter): Name = "Manufacturer"; Value = "Rubycon"; VariantName = "[No Variations]"
Add component (AddParameter): Name = "Manufacturer Part Number"; Value = "50YXG220MEFCT810X16"; VariantName = "[No Variations]"
Add component (AddParameter): Name = "Vendor"; Value = "Digikey"; VariantName = "[No Variations]"
Add component (AddParameter): Name = "Vendor Part Number"; Value = "1189-3771-1-ND"; VariantName = "[No Variations]"
Added Component: Designator=C22(Cap,Alum,Thru,D10,H17.5)
Add component (AddParameter): Name = "CreatedBy"; Value = "Judd Foster"; VariantName = "[No Variations]"
Add component (AddParameter): Name = "HelpURL"; Value = "https://www.rubycon.co.jp/wp-content/uploads/catalog-aluminum/YXG.pdf"; VariantName = "[No Variations]"
Add component (AddParameter): Name = "Manufacturer"; Value = "Rubycon"; VariantName = "[No Variations]"
Add component (AddParameter): Name = "Manufacturer Part Number"; Value = "50YXG220MEFCT810X16"; VariantName = "[No Variations]"
Add component (AddParameter): Name = "Vendor"; Value = "Digikey"; VariantName = "[No Variations]"
Add component (AddParameter): Name = "Vendor Part Number"; Value = "1189-3771-1-ND"; VariantName = "[No Variations]"
Added Component: Designator=D4(SOD128)
Add component (AddParameter): Name = "CreatedBy"; Value = "Judd Foster"; VariantName = "[No Variations]"
Add component (AddParameter): Name = "HelpURL"; Value = "https://assets.nexperia.com/documents/data-sheet/PMEG6030EVP.pdf"; VariantName = "[No Variations]"
Add component (AddParameter): Name = "Manufacturer"; Value = "Nexperia USA Inc."; VariantName = "[No Variations]"
Add component (AddParameter): Name = "Manufacturer Part Number"; Value = "PMEG6030EVPX"; VariantName = "[No Variations]"
Add component (AddParameter): Name = "Vendor"; Value = "Digikey"; VariantName = "[No Variations]"
Add component (AddParameter): Name = "Vendor Part Number"; Value = "1727-1349-1-ND"; VariantName = "[No Variations]"
Added Component: Designator=D5(SOD128)
Add component (AddParameter): Name = "CreatedBy"; Value = "Judd Foster"; VariantName = "[No Variations]"
Add component (AddParameter): Name = "HelpURL"; Value = "https://assets.nexperia.com/documents/data-sheet/PMEG6030EVP.pdf"; VariantName = "[No Variations]"
Add component (AddParameter): Name = "Manufacturer"; Value = "Nexperia USA Inc."; VariantName = "[No Variations]"
Add component (AddParameter): Name = "Manufacturer Part Number"; Value = "PMEG6030EVPX"; VariantName = "[No Variations]"
Add component (AddParameter): Name = "Vendor"; Value = "Digikey"; VariantName = "[No Variations]"
Add component (AddParameter): Name = "Vendor Part Number"; Value = "1727-1349-1-ND"; VariantName = "[No Variations]"
Added Component: Designator=D6(SOD128)
Add component (AddParameter): Name = "CreatedBy"; Value = "Judd Foster"; VariantName = "[No Variations]"
Add component (AddParameter): Name = "HelpURL"; Value = "https://assets.nexperia.com/documents/data-sheet/PMEG6030EVP.pdf"; VariantName = "[No Variations]"
Add component (AddParameter): Name = "Manufacturer"; Value = "Nexperia USA Inc."; VariantName = "[No Variations]"
Add component (AddParameter): Name = "Manufacturer Part Number"; Value = "PMEG6030EVPX"; VariantName = "[No Variations]"
Add component (AddParameter): Name = "Vendor"; Value = "Digikey"; VariantName = "[No Variations]"
Add component (AddParameter): Name = "Vendor Part Number"; Value = "1727-1349-1-ND"; VariantName = "[No Variations]"
Added Component: Designator=J1(MOLEX_0009652068)
Add component (AddParameter): Name = "CreatedBy"; Value = "Judd Foster"; VariantName = "[No Variations]"
Add component (AddParameter): Name = "HelpURL"; Value = "https://www.molex.com/pdm_docs/sd/009652068_sd.pdf"; VariantName = "[No Variations]"
Add component (AddParameter): Name = "Manufacturer"; Value = "Molex"; VariantName = "[No Variations]"
Add component (AddParameter): Name = "Manufacturer Part Number"; Value = "0009652068"; VariantName = "[No Variations]"
Add component (AddParameter): Name = "Vendor"; Value = "DigiKey"; VariantName = "[No Variations]"
Add component (AddParameter): Name = "Vendor Part Number"; Value = "WM18827-ND"; VariantName = "[No Variations]"
Added Component: Designator=J2(JST_B2P-VH)
Add component (AddParameter): Name = "CreatedBy"; Value = "Judd Foster"; VariantName = "[No Variations]"
Add component (AddParameter): Name = "HelpURL"; Value = "https://datasheet.lcsc.com/lcsc/2304140030_JST-Sales-America-B2P-VH-LF-SN_C160315.pdf"; VariantName = "[No Variations]"
Add component (AddParameter): Name = "Manufacturer"; Value = "JST Sales America"; VariantName = "[No Variations]"
Add component (AddParameter): Name = "Manufacturer Part Number"; Value = "B2P-VH"; VariantName = "[No Variations]"
Add component (AddParameter): Name = "Vendor"; Value = "LCSC"; VariantName = "[No Variations]"
Add component (AddParameter): Name = "Vendor Part Number"; Value = "C160315"; VariantName = "[No Variations]"
Added Component: Designator=J3(JST_B2P-VH)
Add component (AddParameter): Name = "CreatedBy"; Value = "Judd Foster"; VariantName = "[No Variations]"
Add component (AddParameter): Name = "HelpURL"; Value = "https://datasheet.lcsc.com/lcsc/2304140030_JST-Sales-America-B2P-VH-LF-SN_C160315.pdf"; VariantName = "[No Variations]"
Add component (AddParameter): Name = "Manufacturer"; Value = "JST Sales America"; VariantName = "[No Variations]"
Add component (AddParameter): Name = "Manufacturer Part Number"; Value = "B2P-VH"; VariantName = "[No Variations]"
Add component (AddParameter): Name = "Vendor"; Value = "LCSC"; VariantName = "[No Variations]"
Add component (AddParameter): Name = "Vendor Part Number"; Value = "C160315"; VariantName = "[No Variations]"
Added Component: Designator=J4(JST_B2B-PH-K-S)
Add component (AddParameter): Name = "CreatedBy"; Value = "Judd Foster"; VariantName = "[No Variations]"
Add component (AddParameter): Name = "HelpURL"; Value = "https://datasheet.lcsc.com/lcsc/2304140030_JST-Sales-America-B2B-PH-K-S-LF-SN_C131337.pdf"; VariantName = "[No Variations]"
Add component (AddParameter): Name = "Manufacturer"; Value = "JST Sales America"; VariantName = "[No Variations]"
Add component (AddParameter): Name = "Manufacturer Part Number"; Value = "B2B-PH-K-S"; VariantName = "[No Variations]"
Add component (AddParameter): Name = "Vendor"; Value = "LCSC"; VariantName = "[No Variations]"
Add component (AddParameter): Name = "Vendor Part Number"; Value = "C131337"; VariantName = "[No Variations]"
Added Component: Designator=J5(JST_B8P-VH)
Add component (AddParameter): Name = "CreatedBy"; Value = "Judd Foster"; VariantName = "[No Variations]"
Add component (AddParameter): Name = "HelpURL"; Value = "https://datasheet.lcsc.com/lcsc/2304140030_JST-Sales-America-B8P-VH-LF-SN_C160320.pdf"; VariantName = "[No Variations]"
Add component (AddParameter): Name = "Manufacturer"; Value = "JST Sales America"; VariantName = "[No Variations]"
Add component (AddParameter): Name = "Manufacturer Part Number"; Value = "B8P-VH"; VariantName = "[No Variations]"
Add component (AddParameter): Name = "Vendor"; Value = "LCSC"; VariantName = "[No Variations]"
Add component (AddParameter): Name = "Vendor Part Number"; Value = "C160320"; VariantName = "[No Variations]"
Added Component: Designator=J6(JST_B2B-PH-K-S)
Add component (AddParameter): Name = "CreatedBy"; Value = "Judd Foster"; VariantName = "[No Variations]"
Add component (AddParameter): Name = "HelpURL"; Value = "https://datasheet.lcsc.com/lcsc/2304140030_JST-Sales-America-B2B-PH-K-S-LF-SN_C131337.pdf"; VariantName = "[No Variations]"
Add component (AddParameter): Name = "Manufacturer"; Value = "JST Sales America"; VariantName = "[No Variations]"
Add component (AddParameter): Name = "Manufacturer Part Number"; Value = "B2B-PH-K-S"; VariantName = "[No Variations]"
Add component (AddParameter): Name = "Vendor"; Value = "LCSC"; VariantName = "[No Variations]"
Add component (AddParameter): Name = "Vendor Part Number"; Value = "C131337"; VariantName = "[No Variations]"
Added Component: Designator=L4(IND,WIREWOUND,12x12,SMD)
Add component (AddParameter): Name = "CreatedBy"; Value = "Judd Foster"; VariantName = "[No Variations]"
Add component (AddParameter): Name = "HelpURL"; Value = "https://www.we-online.de/katalog/datasheet/7447709101.pdf"; VariantName = "[No Variations]"
Add component (AddParameter): Name = "Manufacturer"; Value = "Würth Elektronik"; VariantName = "[No Variations]"
Add component (AddParameter): Name = "Manufacturer Part Number"; Value = "7447709101"; VariantName = "[No Variations]"
Add component (AddParameter): Name = "Vendor"; Value = "Digikey"; VariantName = "[No Variations]"
Add component (AddParameter): Name = "Vendor Part Number"; Value = "732-1248-1-ND"; VariantName = "[No Variations]"
Added Component: Designator=L5(IND,WIREWOUND,12x12,SMD)
Add component (AddParameter): Name = "CreatedBy"; Value = "Judd Foster"; VariantName = "[No Variations]"
Add component (AddParameter): Name = "HelpURL"; Value = "https://www.we-online.de/katalog/datasheet/7447709101.pdf"; VariantName = "[No Variations]"
Add component (AddParameter): Name = "Manufacturer"; Value = "Würth Elektronik"; VariantName = "[No Variations]"
Add component (AddParameter): Name = "Manufacturer Part Number"; Value = "7447709101"; VariantName = "[No Variations]"
Add component (AddParameter): Name = "Vendor"; Value = "Digikey"; VariantName = "[No Variations]"
Add component (AddParameter): Name = "Vendor Part Number"; Value = "732-1248-1-ND"; VariantName = "[No Variations]"
Added Component: Designator=L6(IND,WIREWOUND,12x12,SMD)
Add component (AddParameter): Name = "CreatedBy"; Value = "Judd Foster"; VariantName = "[No Variations]"
Add component (AddParameter): Name = "HelpURL"; Value = "https://www.we-online.de/katalog/datasheet/7447709101.pdf"; VariantName = "[No Variations]"
Add component (AddParameter): Name = "Manufacturer"; Value = "Würth Elektronik"; VariantName = "[No Variations]"
Add component (AddParameter): Name = "Manufacturer Part Number"; Value = "7447709101"; VariantName = "[No Variations]"
Add component (AddParameter): Name = "Vendor"; Value = "Digikey"; VariantName = "[No Variations]"
Add component (AddParameter): Name = "Vendor Part Number"; Value = "732-1248-1-ND"; VariantName = "[No Variations]"
Added Component: Designator=R5(RES,0402)
Add component (AddParameter): Name = "CreatedBy"; Value = "Judd Foster"; VariantName = "[No Variations]"
Add component (AddParameter): Name = "HelpURL"; Value = "http://www.passivecomponent.com/wp-content/uploads/chipR/ASC_WR.pdf"; VariantName = "[No Variations]"
Add component (AddParameter): Name = "Manufacturer"; Value = "Walsin Technology Corporation"; VariantName = "[No Variations]"
Add component (AddParameter): Name = "Manufacturer Part Number"; Value = "WR04X1502FTL"; VariantName = "[No Variations]"
Add component (AddParameter): Name = "Vendor"; Value = "Digikey"; VariantName = "[No Variations]"
Add component (AddParameter): Name = "Vendor Part Number"; Value = "1292-WR04X1502FTLCT-ND"; VariantName = "[No Variations]"
Added Component: Designator=R6(RES,0402)
Add component (AddParameter): Name = "CreatedBy"; Value = "Judd Foster"; VariantName = "[No Variations]"
Add component (AddParameter): Name = "HelpURL"; Value = "https://www.yageo.com/upload/media/product/productsearch/datasheet/rchip/PYu-RC_Group_51_RoHS_L_12.pdf"; VariantName = "[No Variations]"
Add component (AddParameter): Name = "Manufacturer"; Value = "Yageo"; VariantName = "[No Variations]"
Add component (AddParameter): Name = "Manufacturer Part Number"; Value = "RC0402FR-071K1L"; VariantName = "[No Variations]"
Add component (AddParameter): Name = "Vendor"; Value = "Digikey"; VariantName = "[No Variations]"
Add component (AddParameter): Name = "Vendor Part Number"; Value = "311-1.10KLRCT-ND"; VariantName = "[No Variations]"
Added Component: Designator=R7(RES,0402)
Add component (AddParameter): Name = "CreatedBy"; Value = "Judd Foster"; VariantName = "[No Variations]"
Add component (AddParameter): Name = "HelpURL"; Value = "http://www.passivecomponent.com/wp-content/uploads/chipR/ASC_WR.pdf"; VariantName = "[No Variations]"
Add component (AddParameter): Name = "Manufacturer"; Value = "Walsin Technology Corporation"; VariantName = "[No Variations]"
Add component (AddParameter): Name = "Manufacturer Part Number"; Value = "WR04X1502FTL"; VariantName = "[No Variations]"
Add component (AddParameter): Name = "Vendor"; Value = "Digikey"; VariantName = "[No Variations]"
Add component (AddParameter): Name = "Vendor Part Number"; Value = "1292-WR04X1502FTLCT-ND"; VariantName = "[No Variations]"
Added Component: Designator=R8(RES,0402)
Add component (AddParameter): Name = "CreatedBy"; Value = "Judd Foster"; VariantName = "[No Variations]"
Add component (AddParameter): Name = "HelpURL"; Value = "https://www.yageo.com/upload/media/product/productsearch/datasheet/rchip/PYu-RC_Group_51_RoHS_L_12.pdf"; VariantName = "[No Variations]"
Add component (AddParameter): Name = "Manufacturer"; Value = "Yageo"; VariantName = "[No Variations]"
Add component (AddParameter): Name = "Manufacturer Part Number"; Value = "RC0402FR-071K1L"; VariantName = "[No Variations]"
Add component (AddParameter): Name = "Vendor"; Value = "Digikey"; VariantName = "[No Variations]"
Add component (AddParameter): Name = "Vendor Part Number"; Value = "311-1.10KLRCT-ND"; VariantName = "[No Variations]"
Added Component: Designator=U3(TO263-5)
Add component (AddParameter): Name = "CreatedBy"; Value = "Judd Foster"; VariantName = "[No Variations]"
Add component (AddParameter): Name = "HelpURL"; Value = "http://www.ti.com/lit/ds/symlink/lm2576hv.pdf"; VariantName = "[No Variations]"
Add component (AddParameter): Name = "Manufacturer"; Value = "Texas Instruments"; VariantName = "[No Variations]"
Add component (AddParameter): Name = "Manufacturer Part Number"; Value = "LM2576SX-ADJ/NOPB"; VariantName = "[No Variations]"
Add component (AddParameter): Name = "Vendor"; Value = "Digikey"; VariantName = "[No Variations]"
Add component (AddParameter): Name = "Vendor Part Number"; Value = "LM2576SX-ADJ/NOPBCT-ND"; VariantName = "[No Variations]"
Added Component: Designator=U6(TO263-5)
Add component (AddParameter): Name = "CreatedBy"; Value = "Judd Foster"; VariantName = "[No Variations]"
Add component (AddParameter): Name = "HelpURL"; Value = "http://www.ti.com/lit/ds/symlink/lm2576hv.pdf"; VariantName = "[No Variations]"
Add component (AddParameter): Name = "Manufacturer"; Value = "Texas Instruments"; VariantName = "[No Variations]"
Add component (AddParameter): Name = "Manufacturer Part Number"; Value = "LM2576SX-5.0/NOPB"; VariantName = "[No Variations]"
Add component (AddParameter): Name = "Vendor"; Value = "Digikey"; VariantName = "[No Variations]"
Add component (AddParameter): Name = "Vendor Part Number"; Value = "LM2576SX-5.0/NOPBCT-ND"; VariantName = "[No Variations]"
Added Component: Designator=U7(TO263-5)
Add component (AddParameter): Name = "CreatedBy"; Value = "Judd Foster"; VariantName = "[No Variations]"
Add component (AddParameter): Name = "HelpURL"; Value = "http://www.ti.com/lit/ds/symlink/lm2576hv.pdf"; VariantName = "[No Variations]"
Add component (AddParameter): Name = "Manufacturer"; Value = "Texas Instruments"; VariantName = "[No Variations]"
Add component (AddParameter): Name = "Manufacturer Part Number"; Value = "LM2576SX-ADJ/NOPB"; VariantName = "[No Variations]"
Add component (AddParameter): Name = "Vendor"; Value = "Digikey"; VariantName = "[No Variations]"
Add component (AddParameter): Name = "Vendor Part Number"; Value = "LM2576SX-ADJ/NOPBCT-ND"; VariantName = "[No Variations]"
Added Component: Designator=U8(TO-220,PCB Mount)
Add component (AddParameter): Name = "CreatedBy"; Value = "Judd Foster"; VariantName = "[No Variations]"
Add component (AddParameter): Name = "HelpURL"; Value = "https://www.st.com/content/ccc/resource/technical/document/datasheet/e9/be/53/a3/1f/6f/4f/75/CD00000449.pdf/files/CD00000449.pdf/jcr:content/translations/en.CD00000449.pdf"; VariantName = "[No Variations]"
Add component (AddParameter): Name = "Manufacturer"; Value = "STMicroelectronics"; VariantName = "[No Variations]"
Add component (AddParameter): Name = "Manufacturer Part Number"; Value = "L78S10CV"; VariantName = "[No Variations]"
Add component (AddParameter): Name = "Vendor"; Value = "Digikey"; VariantName = "[No Variations]"
Add component (AddParameter): Name = "Vendor Part Number"; Value = "497-6039-5-ND"; VariantName = "[No Variations]"
Added Pin To Net: NetName=NetD4_1 Pin=D4-1
Added Pin To Net: NetName=NetD4_1 Pin=L4-1
Added Pin To Net: NetName=NetD4_1 Pin=U3-2
Added Net: Name=NetD4_1
Added Pin To Net: NetName=NetD5_1 Pin=D5-1
Added Pin To Net: NetName=NetD5_1 Pin=L5-1
Added Pin To Net: NetName=NetD5_1 Pin=U6-2
Added Net: Name=NetD5_1
Added Pin To Net: NetName=NetD6_1 Pin=D6-1
Added Pin To Net: NetName=NetD6_1 Pin=L6-1
Added Pin To Net: NetName=NetD6_1 Pin=U7-2
Added Net: Name=NetD6_1
Added Pin To Net: NetName=NetR5_1 Pin=R5-1
Added Pin To Net: NetName=NetR5_1 Pin=R6-2
Added Pin To Net: NetName=NetR5_1 Pin=U3-4
Added Net: Name=NetR5_1
Added Pin To Net: NetName=NetR7_1 Pin=R7-1
Added Pin To Net: NetName=NetR7_1 Pin=R8-2
Added Pin To Net: NetName=NetR7_1 Pin=U7-4
Added Net: Name=NetR7_1
Added Pin To Net: NetName=PS.+5V Pin=C18-1
Added Pin To Net: NetName=PS.+5V Pin=J5-2
Added Pin To Net: NetName=PS.+5V Pin=J5-3
Added Pin To Net: NetName=PS.+5V Pin=L5-2
Added Pin To Net: NetName=PS.+5V Pin=U6-4
Added Net: Name=PS.+5V
Added Pin To Net: NetName=PS.+10V Pin=C22-1
Added Pin To Net: NetName=PS.+10V Pin=J4-1
Added Pin To Net: NetName=PS.+10V Pin=J6-1
Added Pin To Net: NetName=PS.+10V Pin=U8-3
Added Net: Name=PS.+10V
Added Pin To Net: NetName=PS.+18V Pin=C16-1
Added Pin To Net: NetName=PS.+18V Pin=J5-6
Added Pin To Net: NetName=PS.+18V Pin=L4-2
Added Pin To Net: NetName=PS.+18V Pin=R5-2
Added Net: Name=PS.+18V
Added Pin To Net: NetName=PS.+28V Pin=C15-1
Added Pin To Net: NetName=PS.+28V Pin=C17-1
Added Pin To Net: NetName=PS.+28V Pin=C19-1
Added Pin To Net: NetName=PS.+28V Pin=C21-1
Added Pin To Net: NetName=PS.+28V Pin=J1-1
Added Pin To Net: NetName=PS.+28V Pin=J1-2
Added Pin To Net: NetName=PS.+28V Pin=J1-3
Added Pin To Net: NetName=PS.+28V Pin=J2-1
Added Pin To Net: NetName=PS.+28V Pin=J3-1
Added Pin To Net: NetName=PS.+28V Pin=J5-8
Added Pin To Net: NetName=PS.+28V Pin=U3-1
Added Pin To Net: NetName=PS.+28V Pin=U6-1
Added Pin To Net: NetName=PS.+28V Pin=U7-1
Added Pin To Net: NetName=PS.+28V Pin=U8-1
Added Net: Name=PS.+28V
Added Pin To Net: NetName=PS.-18V Pin=C20-2
Added Pin To Net: NetName=PS.-18V Pin=D6-2
Added Pin To Net: NetName=PS.-18V Pin=J5-4
Added Pin To Net: NetName=PS.-18V Pin=R8-1
Added Pin To Net: NetName=PS.-18V Pin=U7-3
Added Pin To Net: NetName=PS.-18V Pin=U7-3
Added Pin To Net: NetName=PS.-18V Pin=U7-3
Added Pin To Net: NetName=PS.-18V Pin=U7-5
Added Net: Name=PS.-18V
Added Pin To Net: NetName=PS.COM Pin=C15-2
Added Pin To Net: NetName=PS.COM Pin=C16-2
Added Pin To Net: NetName=PS.COM Pin=C17-2
Added Pin To Net: NetName=PS.COM Pin=C18-2
Added Pin To Net: NetName=PS.COM Pin=C19-2
Added Pin To Net: NetName=PS.COM Pin=C20-1
Added Pin To Net: NetName=PS.COM Pin=C21-2
Added Pin To Net: NetName=PS.COM Pin=C22-2
Added Pin To Net: NetName=PS.COM Pin=D4-2
Added Pin To Net: NetName=PS.COM Pin=D5-2
Added Pin To Net: NetName=PS.COM Pin=J1-4
Added Pin To Net: NetName=PS.COM Pin=J1-5
Added Pin To Net: NetName=PS.COM Pin=J1-6
Added Pin To Net: NetName=PS.COM Pin=J2-2
Added Pin To Net: NetName=PS.COM Pin=J3-2
Added Pin To Net: NetName=PS.COM Pin=J4-2
Added Pin To Net: NetName=PS.COM Pin=J5-1
Added Pin To Net: NetName=PS.COM Pin=J5-5
Added Pin To Net: NetName=PS.COM Pin=J5-7
Added Pin To Net: NetName=PS.COM Pin=J6-2
Added Pin To Net: NetName=PS.COM Pin=L6-2
Added Pin To Net: NetName=PS.COM Pin=R6-1
Added Pin To Net: NetName=PS.COM Pin=R7-2
Added Pin To Net: NetName=PS.COM Pin=U3-3
Added Pin To Net: NetName=PS.COM Pin=U3-3
Added Pin To Net: NetName=PS.COM Pin=U3-3
Added Pin To Net: NetName=PS.COM Pin=U3-5
Added Pin To Net: NetName=PS.COM Pin=U6-3
Added Pin To Net: NetName=PS.COM Pin=U6-3
Added Pin To Net: NetName=PS.COM Pin=U6-3
Added Pin To Net: NetName=PS.COM Pin=U6-5
Added Pin To Net: NetName=PS.COM Pin=U8-2
Added Pin To Net: NetName=PS.COM Pin=U8-2
Added Net: Name=PS.COM
Added Class: Name=Sheet1
