Removed Pin From Net: NetName=VLED Pin=D2-2
Removed Pin From Net: NetName=VLED Pin=D2-4
Removed Pin From Net: NetName=VLED Pin=D2-6
Removed Pin From Net: NetName=VLED Pin=D4-2
Removed Pin From Net: NetName=VLED Pin=D4-4
Removed Pin From Net: NetName=VLED Pin=D4-6
Removed Pin From Net: NetName=VLED Pin=D6-2
Removed Pin From Net: NetName=VLED Pin=D6-4
Removed Pin From Net: NetName=VLED Pin=D6-6
Removed Pin From Net: NetName=VLED Pin=D9-2
Removed Pin From Net: NetName=VLED Pin=D9-4
Removed Pin From Net: NetName=VLED Pin=D9-6
Removed Pin From Net: NetName=VLED Pin=D11-2
Removed Pin From Net: NetName=VLED Pin=D11-4
Removed Pin From Net: NetName=VLED Pin=D11-6
Removed Pin From Net: NetName=VLED Pin=D13-2
Removed Pin From Net: NetName=VLED Pin=D13-4
Removed Pin From Net: NetName=VLED Pin=D13-6
Removed Pin From Net: NetName=VLED Pin=D15-2
Removed Pin From Net: NetName=VLED Pin=D15-4
Removed Pin From Net: NetName=VLED Pin=D15-6
Removed Pin From Net: NetName=VLED Pin=D18-2
Removed Pin From Net: NetName=VLED Pin=D18-4
Removed Pin From Net: NetName=VLED Pin=D18-6
Removed Pin From Net: NetName=VLED Pin=D20-2
Removed Pin From Net: NetName=VLED Pin=D20-4
Removed Pin From Net: NetName=VLED Pin=D20-6
Added Pin To Net: NetName=VLED Pin=D2-1
Added Pin To Net: NetName=VLED Pin=D2-3
Added Pin To Net: NetName=VLED Pin=D2-5
Added Pin To Net: NetName=VLED Pin=D4-1
Added Pin To Net: NetName=VLED Pin=D4-3
Added Pin To Net: NetName=VLED Pin=D4-5
Added Pin To Net: NetName=VLED Pin=D6-1
Added Pin To Net: NetName=VLED Pin=D6-3
Added Pin To Net: NetName=VLED Pin=D6-5
Added Pin To Net: NetName=VLED Pin=D9-1
Added Pin To Net: NetName=VLED Pin=D9-3
Added Pin To Net: NetName=VLED Pin=D9-5
Added Pin To Net: NetName=VLED Pin=D11-1
Added Pin To Net: NetName=VLED Pin=D11-3
Added Pin To Net: NetName=VLED Pin=D11-5
Added Pin To Net: NetName=VLED Pin=D13-1
Added Pin To Net: NetName=VLED Pin=D13-3
Added Pin To Net: NetName=VLED Pin=D13-5
Added Pin To Net: NetName=VLED Pin=D15-1
Added Pin To Net: NetName=VLED Pin=D15-3
Added Pin To Net: NetName=VLED Pin=D15-5
Added Pin To Net: NetName=VLED Pin=D18-1
Added Pin To Net: NetName=VLED Pin=D18-3
Added Pin To Net: NetName=VLED Pin=D18-5
Added Pin To Net: NetName=VLED Pin=D20-1
Added Pin To Net: NetName=VLED Pin=D20-3
Added Pin To Net: NetName=VLED Pin=D20-5
Added Pin To Net: NetName=NetD2_2 Pin=D2-2
Added Pin To Net: NetName=NetD2_2 Pin=R4-1
Added Net: Name=NetD2_2
Added Pin To Net: NetName=NetD2_4 Pin=D2-4
Added Pin To Net: NetName=NetD2_4 Pin=R5-1
Added Net: Name=NetD2_4
Added Pin To Net: NetName=NetD2_6 Pin=D2-6
Added Pin To Net: NetName=NetD2_6 Pin=R6-1
Added Net: Name=NetD2_6
Added Pin To Net: NetName=NetD4_2 Pin=D4-2
Added Pin To Net: NetName=NetD4_2 Pin=R10-1
Added Net: Name=NetD4_2
Added Pin To Net: NetName=NetD4_4 Pin=D4-4
Added Pin To Net: NetName=NetD4_4 Pin=R11-1
Added Net: Name=NetD4_4
Added Pin To Net: NetName=NetD4_6 Pin=D4-6
Added Pin To Net: NetName=NetD4_6 Pin=R12-1
Added Net: Name=NetD4_6
Added Pin To Net: NetName=NetD6_2 Pin=D6-2
Added Pin To Net: NetName=NetD6_2 Pin=R16-1
Added Net: Name=NetD6_2
Added Pin To Net: NetName=NetD6_4 Pin=D6-4
Added Pin To Net: NetName=NetD6_4 Pin=R17-1
Added Net: Name=NetD6_4
Added Pin To Net: NetName=NetD6_6 Pin=D6-6
Added Pin To Net: NetName=NetD6_6 Pin=R18-1
Added Net: Name=NetD6_6
Added Pin To Net: NetName=NetD9_2 Pin=D9-2
Added Pin To Net: NetName=NetD9_2 Pin=R25-1
Added Net: Name=NetD9_2
Added Pin To Net: NetName=NetD9_4 Pin=D9-4
Added Pin To Net: NetName=NetD9_4 Pin=R26-1
Added Net: Name=NetD9_4
Added Pin To Net: NetName=NetD9_6 Pin=D9-6
Added Pin To Net: NetName=NetD9_6 Pin=R27-1
Added Net: Name=NetD9_6
Added Pin To Net: NetName=NetD11_2 Pin=D11-2
Added Pin To Net: NetName=NetD11_2 Pin=R31-1
Added Net: Name=NetD11_2
Added Pin To Net: NetName=NetD11_4 Pin=D11-4
Added Pin To Net: NetName=NetD11_4 Pin=R32-1
Added Net: Name=NetD11_4
Added Pin To Net: NetName=NetD11_6 Pin=D11-6
Added Pin To Net: NetName=NetD11_6 Pin=R33-1
Added Net: Name=NetD11_6
Added Pin To Net: NetName=NetD13_2 Pin=D13-2
Added Pin To Net: NetName=NetD13_2 Pin=R37-1
Added Net: Name=NetD13_2
Added Pin To Net: NetName=NetD13_4 Pin=D13-4
Added Pin To Net: NetName=NetD13_4 Pin=R38-1
Added Net: Name=NetD13_4
Added Pin To Net: NetName=NetD13_6 Pin=D13-6
Added Pin To Net: NetName=NetD13_6 Pin=R39-1
Added Net: Name=NetD13_6
Added Pin To Net: NetName=NetD15_2 Pin=D15-2
Added Pin To Net: NetName=NetD15_2 Pin=R43-1
Added Net: Name=NetD15_2
Added Pin To Net: NetName=NetD15_4 Pin=D15-4
Added Pin To Net: NetName=NetD15_4 Pin=R44-1
Added Net: Name=NetD15_4
Added Pin To Net: NetName=NetD15_6 Pin=D15-6
Added Pin To Net: NetName=NetD15_6 Pin=R45-1
Added Net: Name=NetD15_6
Added Pin To Net: NetName=NetD18_2 Pin=D18-2
Added Pin To Net: NetName=NetD18_2 Pin=R52-1
Added Net: Name=NetD18_2
Added Pin To Net: NetName=NetD18_4 Pin=D18-4
Added Pin To Net: NetName=NetD18_4 Pin=R53-1
Added Net: Name=NetD18_4
Added Pin To Net: NetName=NetD18_6 Pin=D18-6
Added Pin To Net: NetName=NetD18_6 Pin=R54-1
Added Net: Name=NetD18_6
Added Pin To Net: NetName=NetD20_2 Pin=D20-2
Added Pin To Net: NetName=NetD20_2 Pin=R58-1
Added Net: Name=NetD20_2
Added Pin To Net: NetName=NetD20_4 Pin=D20-4
Added Pin To Net: NetName=NetD20_4 Pin=R59-1
Added Net: Name=NetD20_4
Added Pin To Net: NetName=NetD20_6 Pin=D20-6
Added Pin To Net: NetName=NetD20_6 Pin=R60-1
Added Net: Name=NetD20_6
Added Member To Class: ClassName=Sheet1 Member=Component D8 MHP5050RGBDT
Added Room: Name=Sheet1
